<?xml version="1.0" encoding="utf-8"?>
<TestRun id="9aa83c92-bf7d-4254-823e-9ce38ddd328c" name="@lukas-ThinkPad-E15-Gen-2 2023-10-03 23:28:14" xmlns="http://microsoft.com/schemas/VisualStudio/TeamTest/2010">
  <Times creation="2023-10-03T23:28:14.1795857+02:00" queuing="2023-10-03T23:28:14.1795858+02:00" start="2023-10-03T23:28:13.2654959+02:00" finish="2023-10-03T23:28:14.1878082+02:00" />
  <TestSettings name="default" id="dedf8511-f65d-4815-9c11-315c8263030f">
    <Deployment runDeploymentRoot="_lukas-ThinkPad-E15-Gen-2_2023-10-03_23_28_14" />
  </TestSettings>
  <Results>
    <UnitTestResult executionId="2d3582de-c85b-4ba5-bb65-04708b515ad9" testId="e2124c68-46eb-57e7-8ab4-eef610339b10" testName="NeoVim.Specs.UnitTest1.Test2" computerName="lukas-ThinkPad-E15-Gen-2" duration="00:00:00.0018525" startTime="2023-10-03T23:28:14.0823776+02:00" endTime="2023-10-03T23:28:14.0823776+02:00" testType="13cdc9d9-ddb5-4fa4-a97d-d965ccfc6d4b" outcome="Failed" testListId="8c84fa94-04c1-424b-9868-57a2d4851a1d" relativeResultsDirectory="2d3582de-c85b-4ba5-bb65-04708b515ad9">
      <Output>
        <ErrorInfo>
          <Message>Assert.Equal() Failure
Expected: 4
Actual:   0</Message>
          <StackTrace>   at NeoVim.Specs.UnitTest1.Test2() in /home/lukas/dev/src/neovim/NeoVim.Specs/UnitTest1.cs:line 16</StackTrace>
        </ErrorInfo>
      </Output>
    </UnitTestResult>
    <UnitTestResult executionId="e241e1df-ad48-4e69-bb98-eff6adddf56c" testId="29be2d7e-f9c1-b1ae-ed96-552fce011a2d" testName="NeoVim.Specs.UnitTest1.Test1" computerName="lukas-ThinkPad-E15-Gen-2" duration="00:00:00.0030959" startTime="2023-10-03T23:28:14.0682314+02:00" endTime="2023-10-03T23:28:14.0682616+02:00" testType="13cdc9d9-ddb5-4fa4-a97d-d965ccfc6d4b" outcome="Passed" testListId="8c84fa94-04c1-424b-9868-57a2d4851a1d" relativeResultsDirectory="e241e1df-ad48-4e69-bb98-eff6adddf56c" />
  </Results>
  <TestDefinitions>
    <UnitTest name="NeoVim.Specs.UnitTest1.Test2" storage="/home/lukas/dev/src/neovim/neovim.specs/bin/debug/net6.0/neovim.specs.dll" id="e2124c68-46eb-57e7-8ab4-eef610339b10">
      <Execution id="2d3582de-c85b-4ba5-bb65-04708b515ad9" />
      <TestMethod codeBase="/home/lukas/dev/src/neovim/NeoVim.Specs/bin/Debug/net6.0/NeoVim.Specs.dll" adapterTypeName="executor://xunit/VsTestRunner2/netcoreapp" className="NeoVim.Specs.UnitTest1" name="Test2" />
    </UnitTest>
    <UnitTest name="NeoVim.Specs.UnitTest1.Test1" storage="/home/lukas/dev/src/neovim/neovim.specs/bin/debug/net6.0/neovim.specs.dll" id="29be2d7e-f9c1-b1ae-ed96-552fce011a2d">
      <Execution id="e241e1df-ad48-4e69-bb98-eff6adddf56c" />
      <TestMethod codeBase="/home/lukas/dev/src/neovim/NeoVim.Specs/bin/Debug/net6.0/NeoVim.Specs.dll" adapterTypeName="executor://xunit/VsTestRunner2/netcoreapp" className="NeoVim.Specs.UnitTest1" name="Test1" />
    </UnitTest>
  </TestDefinitions>
  <TestEntries>
    <TestEntry testId="e2124c68-46eb-57e7-8ab4-eef610339b10" executionId="2d3582de-c85b-4ba5-bb65-04708b515ad9" testListId="8c84fa94-04c1-424b-9868-57a2d4851a1d" />
    <TestEntry testId="29be2d7e-f9c1-b1ae-ed96-552fce011a2d" executionId="e241e1df-ad48-4e69-bb98-eff6adddf56c" testListId="8c84fa94-04c1-424b-9868-57a2d4851a1d" />
  </TestEntries>
  <TestLists>
    <TestList name="Results Not in a List" id="8c84fa94-04c1-424b-9868-57a2d4851a1d" />
    <TestList name="All Loaded Results" id="19431567-8539-422a-85d7-44ee4e166bda" />
  </TestLists>
  <ResultSummary outcome="Failed">
    <Counters total="2" executed="2" passed="1" failed="1" error="0" timeout="0" aborted="0" inconclusive="0" passedButRunAborted="0" notRunnable="0" notExecuted="0" disconnected="0" warning="0" completed="0" inProgress="0" pending="0" />
    <Output>
      <StdOut>[xUnit.net 00:00:00.00] xUnit.net VSTest Adapter v2.4.3+1b45f5407b (64-bit .NET 6.0.22)
[xUnit.net 00:00:00.36]   Discovering: NeoVim.Specs
[xUnit.net 00:00:00.40]   Discovered:  NeoVim.Specs
[xUnit.net 00:00:00.40]   Starting:    NeoVim.Specs
[xUnit.net 00:00:00.47]       Assert.Equal() Failure
[xUnit.net 00:00:00.47]       Expected: 4
[xUnit.net 00:00:00.47]       Actual:   0
[xUnit.net 00:00:00.47]       Stack Trace:
[xUnit.net 00:00:00.47]         /home/lukas/dev/src/neovim/NeoVim.Specs/UnitTest1.cs(16,0): at NeoVim.Specs.UnitTest1.Test2()
[xUnit.net 00:00:00.47]   Finished:    NeoVim.Specs
</StdOut>
    </Output>
    <RunInfos>
      <RunInfo computerName="lukas-ThinkPad-E15-Gen-2" outcome="Error" timestamp="2023-10-03T23:28:14.0795669+02:00">
        <Text>[xUnit.net 00:00:00.47]     NeoVim.Specs.UnitTest1.Test2 [FAIL]</Text>
      </RunInfo>
    </RunInfos>
  </ResultSummary>
</TestRun>